TARA_SAMEA2591116_MAG_00000008-scaffold_1_87	00035||PEG_aldehyde_dehydrogenase	35.232	474	279	10	14	474	8	466	3.04e-74	235
TARA_SAMEA2591116_MAG_00000008-scaffold_1_97	00035||PEG_aldehyde_dehydrogenase	37.580	471	278	11	23	489	8	466	8.79e-87	268
TARA_SAMEA2591116_MAG_00000008-scaffold_1_319	00120||Cutinase	79.184	245	51	0	1	245	14	258	1.33e-139	386
TARA_SAMEA2591116_MAG_00000008-scaffold_1_319	00110||Triacylglycerol_lipase	28.037	214	129	9	22	225	70	268	5.27e-13	60.5
TARA_SAMEA2591116_MAG_00000008-scaffold_1_319	00119||Lipase	30.159	126	75	3	60	178	113	232	9.63e-13	60.1
TARA_SAMEA2591116_MAG_00000008-scaffold_1_319	00118||Cutinase	27.638	199	109	9	60	242	113	292	2.29e-12	58.9
TARA_SAMEA2591116_MAG_00000008-scaffold_1_319	00097||PETase	33.594	128	68	4	60	178	119	238	2.44e-12	58.9
TARA_SAMEA2591116_MAG_00000008-scaffold_1_319	00200||PETase	27.059	255	142	10	2	231	14	249	2.82e-12	58.2
TARA_SAMEA2591116_MAG_00000008-scaffold_1_319	00199||PETase	28.646	192	117	7	60	243	76	255	6.92e-12	57.0
TARA_SAMEA2591116_MAG_00000008-scaffold_1_319	00105||Polyester_hydrolase	29.032	186	106	9	60	231	113	286	9.23e-12	57.0
TARA_SAMEA2591116_MAG_00000008-scaffold_1_319	00135||Hydrolase	27.542	236	129	12	22	240	72	282	9.77e-12	57.0
TARA_SAMEA2591116_MAG_00000008-scaffold_1_319	00055||Esterase	26.437	174	111	6	60	225	114	278	1.01e-11	57.0
TARA_SAMEA2591116_MAG_00000008-scaffold_1_319	00108||Serine_hydrolase	26.087	184	119	6	50	225	66	240	1.61e-11	55.8
TARA_SAMEA2591116_MAG_00000008-scaffold_1_319	00133||Cutinase	25.287	174	113	6	60	225	76	240	1.72e-11	55.8
TARA_SAMEA2591116_MAG_00000008-scaffold_1_319	00205||PETase	26.437	174	111	6	60	225	76	240	1.76e-11	55.8
TARA_SAMEA2591116_MAG_00000008-scaffold_1_319	00058||Cutinase	25.287	174	113	6	60	225	75	239	1.91e-11	55.8
TARA_SAMEA2591116_MAG_00000008-scaffold_1_319	00054||Esterase	26.437	174	111	6	60	225	110	274	1.93e-11	55.8
TARA_SAMEA2591116_MAG_00000008-scaffold_1_319	00208||PETase	25.287	174	113	6	60	225	76	240	1.98e-11	55.8
TARA_SAMEA2591116_MAG_00000008-scaffold_1_319	00204||PETase	25.862	174	112	6	60	225	77	241	3.06e-11	55.1
TARA_SAMEA2591116_MAG_00000008-scaffold_1_319	00129||Cutinase	25.287	174	113	6	60	225	133	297	3.59e-11	55.5
TARA_SAMEA2591116_MAG_00000008-scaffold_1_319	00183||PETase	31.200	125	71	4	60	176	116	233	3.89e-11	55.1
TARA_SAMEA2591116_MAG_00000008-scaffold_1_319	00206||PETase	27.717	184	106	8	60	233	75	241	3.90e-11	55.1
TARA_SAMEA2591116_MAG_00000008-scaffold_1_319	00132||Cutinase	25.862	174	112	6	60	225	76	240	6.23e-11	54.3
TARA_SAMEA2591116_MAG_00000008-scaffold_1_319	00131||Cutinase	25.862	174	112	6	60	225	115	279	7.51e-11	54.3
TARA_SAMEA2591116_MAG_00000008-scaffold_1_319	00128||Cutinase	25.862	174	112	6	60	225	115	279	7.51e-11	54.3
TARA_SAMEA2591116_MAG_00000008-scaffold_1_319	00126||Hydrolase	25.862	174	112	6	60	225	115	279	7.51e-11	54.3
TARA_SAMEA2591116_MAG_00000008-scaffold_1_319	00059||Cutinase	26.705	176	107	8	60	225	76	239	1.07e-10	53.5
TARA_SAMEA2591116_MAG_00000008-scaffold_1_319	00107||Cutinase	25.862	174	112	6	60	225	76	240	1.14e-10	53.5
TARA_SAMEA2591116_MAG_00000008-scaffold_1_319	00184||PETase	30.645	124	73	3	60	176	121	238	1.34e-10	53.5
TARA_SAMEA2591116_MAG_00000008-scaffold_1_319	00062||Cutinase	25.146	171	111	5	60	222	110	271	1.44e-10	53.5
TARA_SAMEA2591116_MAG_00000008-scaffold_1_319	00201||PETase	25.731	171	103	6	60	219	77	234	2.83e-10	52.4
TARA_SAMEA2591116_MAG_00000008-scaffold_1_319	00194||PETase	26.380	163	103	5	29	178	54	212	2.81e-09	49.7
TARA_SAMEA2591116_MAG_00000008-scaffold_1_319	00146||Esterase	25.389	193	119	6	59	240	94	272	2.99e-09	49.7
TARA_SAMEA2591116_MAG_00000008-scaffold_1_319	00175||Hydrolase	28.226	124	78	3	60	177	113	231	5.64e-09	48.9
TARA_SAMEA2591116_MAG_00000008-scaffold_1_319	00195||PETase	26.374	182	109	8	60	233	91	255	7.14e-09	48.1
TARA_SAMEA2591116_MAG_00000008-scaffold_1_319	00124||Polyester_hydrolase	25.581	258	138	13	7	239	77	305	7.89e-09	48.1
TARA_SAMEA2591116_MAG_00000008-scaffold_1_319	00095||PET-hydrolase	25.000	172	111	5	60	219	106	271	1.15e-08	47.8
TARA_SAMEA2591116_MAG_00000008-scaffold_1_319	00196||PETase	32.231	121	63	6	56	168	73	182	1.25e-08	47.8
TARA_SAMEA2591116_MAG_00000008-scaffold_1_319	00125||PETase	24.561	171	112	5	60	222	110	271	2.45e-08	46.6
TARA_SAMEA2591116_MAG_00000008-scaffold_1_319	00193||PETase	29.032	124	79	2	60	178	91	210	1.57e-07	44.3
TARA_SAMEA2591116_MAG_00000008-scaffold_1_319	00098||PETase	29.032	124	79	2	60	178	117	236	1.74e-07	44.3
TARA_SAMEA2591116_MAG_00000008-scaffold_1_319	00138||Polyester_hydrolase	27.103	214	129	9	23	225	43	240	5.29e-07	42.7
TARA_SAMEA2591116_MAG_00000008-scaffold_1_319	00109||Triacylglycerol_lipase	27.193	114	70	4	60	166	104	211	5.67e-07	42.7
TARA_SAMEA2591116_MAG_00000008-scaffold_1_319	00099||PETase	27.193	114	70	4	60	166	104	211	5.67e-07	42.7
TARA_SAMEA2591116_MAG_00000008-scaffold_1_319	00076||Cutinase	29.885	174	105	7	60	225	121	285	6.30e-07	42.4
TARA_SAMEA2591116_MAG_00000008-scaffold_1_319	00074||Cutinase	29.885	174	105	7	60	225	121	285	6.30e-07	42.4
TARA_SAMEA2591116_MAG_00000008-scaffold_1_319	00147||Esterase	24.737	190	118	6	59	237	94	269	7.56e-07	42.4
TARA_SAMEA2591116_MAG_00000008-scaffold_1_319	00145||Esterase	25.581	172	111	5	59	219	94	259	2.92e-06	40.8
TARA_SAMEA2591116_MAG_00000008-scaffold_1_319	00143||Polyester_hydrolase	25.146	171	113	5	60	225	77	237	4.64e-06	39.7
TARA_SAMEA2591116_MAG_00000008-scaffold_1_319	00144||Esterase	23.316	193	123	6	59	240	94	272	5.34e-06	39.7
TARA_SAMEA2591116_MAG_00000008-scaffold_1_319	00198||PETase	39.394	66	35	1	59	119	88	153	6.52e-06	39.3
TARA_SAMEA2591116_MAG_00000008-scaffold_1_319	00102||Hydrolase	23.810	168	108	6	60	218	103	259	7.03e-06	39.3
TARA_SAMEA2591116_MAG_00000008-scaffold_1_319	00127||Hydrolase	25.862	174	112	6	60	225	115	279	9.33e-06	38.9
TARA_SAMEA2591116_MAG_00000008-scaffold_1_319	00203||PETase	26.437	174	111	6	60	225	76	240	1.01e-05	38.9
TARA_SAMEA2591116_MAG_00000008-scaffold_1_319	00057||Cutinase	26.437	174	111	6	60	225	76	240	1.02e-05	38.9
TARA_SAMEA2591116_MAG_00000008-scaffold_1_319	00142||Polyester_hydrolase	36.250	80	40	3	60	134	77	150	1.29e-05	38.5
TARA_SAMEA2591116_MAG_00000008-scaffold_1_319	00197||PETase	25.455	165	114	4	59	214	75	239	1.76e-05	38.1
TARA_SAMEA2591116_MAG_00000008-scaffold_1_319	00106||Cutinase	26.437	174	111	6	60	225	75	239	2.64e-05	37.4
TARA_SAMEA2591116_MAG_00000008-scaffold_1_319	00139||Polyester_hydrolase	26.168	214	131	9	23	225	43	240	5.91e-05	36.2
TARA_SAMEA2591116_MAG_00000008-scaffold_1_327	00032||PEG_dehydrogenase	23.162	544	314	26	32	508	23	529	1.29e-10	56.6
TARA_SAMEA2591116_MAG_00000008-scaffold_1_329	00035||PEG_aldehyde_dehydrogenase	32.335	334	211	8	118	440	135	464	4.05e-34	127
TARA_SAMEA2591116_MAG_00000008-scaffold_2_150	00071||3HV_dehydrogenase	24.719	267	174	11	3	255	5	258	7.25e-05	36.2
TARA_SAMEA2591116_MAG_00000008-scaffold_2_168	00071||3HV_dehydrogenase	29.545	264	159	5	9	255	6	259	5.19e-30	107
TARA_SAMEA2591116_MAG_00000008-scaffold_2_199	00151||Hydrolase	25.581	129	91	3	7	132	20	146	2.02e-07	44.7
TARA_SAMEA2591116_MAG_00000008-scaffold_2_199	00212||PHA_depolymerase	32.857	70	42	3	255	323	208	273	5.12e-05	37.4
TARA_SAMEA2591116_MAG_00000008-scaffold_2_199	00186||PETase	31.915	94	54	4	47	133	132	222	9.34e-05	36.6
TARA_SAMEA2591116_MAG_00000008-scaffold_2_232	00071||3HV_dehydrogenase	29.070	258	160	8	39	280	6	256	9.90e-28	101
TARA_SAMEA2591116_MAG_00000008-scaffold_2_264	00158||Esterase	23.704	270	154	10	50	270	36	302	1.42e-09	52.4
TARA_SAMEA2591116_MAG_00000008-scaffold_2_264	00091||Carboxylesterase	23.345	287	171	9	27	268	9	291	2.63e-08	48.1
TARA_SAMEA2591116_MAG_00000008-scaffold_3_115	00153||Protease	41.026	273	117	11	162	434	21	249	2.06e-39	137
TARA_SAMEA2591116_MAG_00000008-scaffold_3_115	00152||Protease	39.706	272	120	10	162	433	21	248	4.41e-35	125
TARA_SAMEA2591116_MAG_00000008-scaffold_3_115	00154||Protease	31.566	396	195	13	41	433	36	358	6.09e-31	116
TARA_SAMEA2591116_MAG_00000008-scaffold_3_115	00040||Protease	28.954	411	208	19	28	426	17	355	1.92e-24	97.8
TARA_SAMEA2591116_MAG_00000008-scaffold_4_60	00071||3HV_dehydrogenase	26.267	217	142	8	1	208	6	213	2.65e-07	43.1
TARA_SAMEA2591116_MAG_00000008-scaffold_4_65	00111||Alkane-1_monooxygenase	37.912	182	108	2	22	199	28	208	9.69e-43	136
TARA_SAMEA2591116_MAG_00000008-scaffold_4_98	00072||PHB_depolymerase	26.959	319	178	12	44	334	12	303	3.54e-21	85.5
TARA_SAMEA2591116_MAG_00000008-scaffold_4_98	00151||Hydrolase	29.365	126	79	3	33	156	9	126	6.76e-11	55.5
TARA_SAMEA2591116_MAG_00000008-scaffold_4_98	00212||PHA_depolymerase	44.928	69	37	1	98	166	57	124	3.21e-09	50.4
TARA_SAMEA2591116_MAG_00000008-scaffold_4_98	00177||PHA_depolymerase	31.319	182	114	6	98	278	57	228	3.30e-09	50.1
TARA_SAMEA2591116_MAG_00000008-scaffold_4_98	00150||Hydrolase	24.000	125	74	2	64	167	19	143	3.36e-06	41.2
TARA_SAMEA2591116_MAG_00000008-scaffold_4_98	00155||Esterase	26.168	107	78	1	66	172	66	171	4.78e-06	40.8
TARA_SAMEA2591116_MAG_00000008-scaffold_4_98	00167||PHA_depolymerase	28.037	107	74	3	66	171	30	134	1.46e-05	38.9
TARA_SAMEA2591116_MAG_00000008-scaffold_4_103	00188||PETase	29.148	223	111	11	87	275	31	240	2.46e-11	56.2
TARA_SAMEA2591116_MAG_00000008-scaffold_4_103	00187||PETase	28.230	209	115	9	90	275	23	219	7.51e-11	54.7
TARA_SAMEA2591116_MAG_00000008-scaffold_4_103	00182||Lipase	29.744	195	125	7	86	276	65	251	1.21e-10	54.3
TARA_SAMEA2591116_MAG_00000008-scaffold_4_103	00186||PETase	26.531	245	120	11	88	277	111	350	1.51e-05	39.3
TARA_SAMEA2591116_MAG_00000008-scaffold_4_162	00010||PVA_dehydrogenase	25.833	360	149	21	32	292	254	594	4.37e-07	44.7
TARA_SAMEA2591116_MAG_00000008-scaffold_5_77	00088||Carboxylesterase	24.207	347	190	12	5	318	1	307	1.77e-10	55.8
TARA_SAMEA2591116_MAG_00000008-scaffold_5_124	00071||3HV_dehydrogenase	29.442	197	131	4	1	195	1	191	9.64e-15	66.2
TARA_SAMEA2591116_MAG_00000008-scaffold_5_131	00010||PVA_dehydrogenase	23.181	371	219	13	107	467	100	414	8.61e-16	74.3
TARA_SAMEA2591116_MAG_00000008-scaffold_5_182	00159||Esterase	54.805	385	166	3	3	381	4	386	1.13e-150	425
TARA_SAMEA2591116_MAG_00000008-scaffold_5_182	00091||Carboxylesterase	28.910	211	120	6	10	192	14	222	2.22e-13	63.9
TARA_SAMEA2591116_MAG_00000008-scaffold_5_182	00089||Carboxylesterase	33.607	122	65	2	14	119	6	127	8.62e-12	58.9
TARA_SAMEA2591116_MAG_00000008-scaffold_5_182	00158||Esterase	24.020	204	123	5	18	191	27	228	7.05e-09	50.1
TARA_SAMEA2591116_MAG_00000008-scaffold_5_182	00086||Carboxylesterase	31.250	96	50	2	40	119	33	128	1.17e-06	43.1
TARA_SAMEA2591116_MAG_00000008-scaffold_6_40	00188||PETase	33.071	127	71	6	53	175	56	172	1.82e-09	49.3
TARA_SAMEA2591116_MAG_00000008-scaffold_6_40	00189||PETase	35.484	93	52	4	40	124	46	138	4.48e-06	39.3
TARA_SAMEA2591116_MAG_00000008-scaffold_6_40	00186||PETase	35.294	85	48	3	47	124	126	210	5.53e-06	39.3
TARA_SAMEA2591116_MAG_00000008-scaffold_6_40	00187||PETase	25.773	194	95	7	42	192	34	221	2.61e-05	37.0
TARA_SAMEA2591116_MAG_00000008-scaffold_6_74	00155||Esterase	24.051	237	163	5	11	237	66	295	3.06e-10	52.8
TARA_SAMEA2591116_MAG_00000008-scaffold_6_74	00150||Hydrolase	23.279	305	174	11	1	264	13	298	3.18e-10	52.8
TARA_SAMEA2591116_MAG_00000008-scaffold_6_74	00072||PHB_depolymerase	21.127	284	193	6	3	258	25	305	1.19e-09	50.8
TARA_SAMEA2591116_MAG_00000008-scaffold_6_74	00212||PHA_depolymerase	24.138	261	168	7	16	263	31	274	2.37e-09	50.1
TARA_SAMEA2591116_MAG_00000008-scaffold_6_74	00167||PHA_depolymerase	30.088	113	76	3	1	112	21	131	2.47e-09	50.1
TARA_SAMEA2591116_MAG_00000008-scaffold_6_74	00177||PHA_depolymerase	24.603	252	178	7	16	263	31	274	2.82e-08	46.6
TARA_SAMEA2591116_MAG_00000008-scaffold_6_74	00151||Hydrolase	23.506	251	147	8	13	237	39	270	2.09e-05	38.1
TARA_SAMEA2591116_MAG_00000008-scaffold_6_74	00187||PETase	33.962	53	34	1	186	237	167	219	2.54e-05	37.7
TARA_SAMEA2591116_MAG_00000008-scaffold_6_74	00070||3HB_oligomer_hydrolase	25.743	101	68	2	8	105	17	113	4.34e-05	37.0
TARA_SAMEA2591116_MAG_00000008-scaffold_6_136	00172||Polyamidase	28.261	506	297	19	2	481	9	474	9.02e-35	129
TARA_SAMEA2591116_MAG_00000008-scaffold_6_136	00065||Hydrolase	29.317	498	298	16	7	480	14	481	1.92e-33	125
TARA_SAMEA2591116_MAG_00000008-scaffold_6_136	00168||Hydrolase	29.317	498	298	16	7	480	14	481	9.13e-33	123
TARA_SAMEA2591116_MAG_00000008-scaffold_7_34	00071||3HV_dehydrogenase	28.352	261	158	10	3	247	9	256	2.42e-14	64.3
TARA_SAMEA2591116_MAG_00000008-scaffold_7_133	00186||PETase	52.632	38	18	0	115	152	38	75	1.30e-06	43.1
TARA_SAMEA2591116_MAG_00000008-scaffold_7_152	00070||3HB_oligomer_hydrolase	37.624	101	62	1	26	126	21	120	5.87e-11	55.1
TARA_SAMEA2591116_MAG_00000008-scaffold_7_152	00155||Esterase	32.353	102	67	2	26	126	67	167	1.74e-09	50.8
TARA_SAMEA2591116_MAG_00000008-scaffold_7_152	00072||PHB_depolymerase	27.434	113	79	2	17	128	23	133	8.12e-08	45.8
TARA_SAMEA2591116_MAG_00000008-scaffold_7_152	00167||PHA_depolymerase	26.452	155	99	6	17	168	21	163	2.42e-06	41.2
TARA_SAMEA2591116_MAG_00000008-scaffold_7_152	00150||Hydrolase	26.277	137	71	4	15	125	11	143	5.04e-06	40.0
TARA_SAMEA2591116_MAG_00000008-scaffold_7_152	00182||Lipase	34.314	102	59	4	26	125	65	160	6.97e-06	39.7
TARA_SAMEA2591116_MAG_00000008-scaffold_7_168	00210||Lipase	43.813	299	139	6	35	313	7	296	9.20e-71	215
TARA_SAMEA2591116_MAG_00000008-scaffold_7_168	00056||Lipase	41.066	319	141	13	36	313	58	370	4.31e-69	213
TARA_SAMEA2591116_MAG_00000008-scaffold_7_168	00052||Lipase	39.837	246	105	10	105	313	1	240	5.52e-47	152
TARA_SAMEA2591116_MAG_00000008-scaffold_7_168	00050||PLA_depolymerase	29.231	195	73	6	36	165	38	232	9.54e-11	55.5
TARA_SAMEA2591116_MAG_00000008-scaffold_7_168	00049||PLA_depolymerase	28.866	194	73	6	37	165	49	242	5.24e-10	53.1
TARA_SAMEA2591116_MAG_00000008-scaffold_7_168	00077||Esterase	25.153	163	70	5	37	147	78	240	2.59e-08	47.8
TARA_SAMEA2591116_MAG_00000008-scaffold_7_168	00080||Lipase	26.036	169	67	5	37	147	19	187	7.24e-08	46.2
TARA_SAMEA2591116_MAG_00000008-scaffold_7_168	00027||PLA_depolymerase	27.200	125	77	4	1	119	1	117	8.79e-06	38.9
TARA_SAMEA2591116_MAG_00000008-scaffold_8_40	00071||3HV_dehydrogenase	27.273	198	132	5	6	198	4	194	4.37e-12	58.5
TARA_SAMEA2591116_MAG_00000008-scaffold_8_50	00209||Oxidoreductase	23.009	226	165	5	18	242	8	225	8.01e-07	43.9
TARA_SAMEA2591116_MAG_00000008-scaffold_8_137	00035||PEG_aldehyde_dehydrogenase	29.895	475	291	12	1	458	1	450	2.30e-49	169
TARA_SAMEA2591116_MAG_00000008-scaffold_9_24	00035||PEG_aldehyde_dehydrogenase	30.086	349	219	10	681	1020	125	457	2.11e-29	116
TARA_SAMEA2591116_MAG_00000008-scaffold_9_111	00173||Esterase	71.429	217	62	0	1	217	1	217	4.45e-116	324
TARA_SAMEA2591116_MAG_00000008-scaffold_10_5	00180||Laccase	46.071	560	250	7	44	600	30	540	7.60e-177	506
TARA_SAMEA2591116_MAG_00000008-scaffold_10_5	00174||Laccase	30.986	284	187	7	86	367	23	299	6.47e-26	103
TARA_SAMEA2591116_MAG_00000008-scaffold_10_5	00174||Laccase	30.928	97	63	1	489	585	329	421	4.82e-12	61.2
TARA_SAMEA2591116_MAG_00000008-scaffold_10_33	00071||3HV_dehydrogenase	33.462	260	157	6	5	253	6	260	1.44e-37	126
TARA_SAMEA2591116_MAG_00000008-scaffold_11_9	00071||3HV_dehydrogenase	28.061	196	128	4	6	199	9	193	1.38e-10	53.5
TARA_SAMEA2591116_MAG_00000008-scaffold_11_19	00035||PEG_aldehyde_dehydrogenase	33.496	409	258	8	12	414	7	407	1.13e-58	195
TARA_SAMEA2591116_MAG_00000008-scaffold_11_39	00071||3HV_dehydrogenase	33.074	257	151	5	6	247	6	256	3.05e-33	115
TARA_SAMEA2591116_MAG_00000008-scaffold_11_40	00071||3HV_dehydrogenase	33.588	262	149	9	9	258	8	256	1.50e-27	100
TARA_SAMEA2591116_MAG_00000008-scaffold_11_44	00172||Polyamidase	28.539	438	263	17	51	448	37	464	7.49e-17	76.6
TARA_SAMEA2591116_MAG_00000008-scaffold_11_44	00065||Hydrolase	31.351	185	114	4	18	197	19	195	1.77e-09	53.1
TARA_SAMEA2591116_MAG_00000008-scaffold_11_44	00168||Hydrolase	31.351	185	114	4	18	197	19	195	1.82e-09	53.1
TARA_SAMEA2591116_MAG_00000008-scaffold_11_61	00035||PEG_aldehyde_dehydrogenase	26.535	456	293	15	659	1094	24	457	7.76e-31	121
TARA_SAMEA2591116_MAG_00000008-scaffold_11_106	00010||PVA_dehydrogenase	23.548	310	172	10	51	345	150	409	1.73e-11	59.7
TARA_SAMEA2591116_MAG_00000008-scaffold_11_117	00010||PVA_dehydrogenase	22.000	300	190	8	37	322	140	409	1.37e-10	57.0
TARA_SAMEA2591116_MAG_00000008-scaffold_11_118	00035||PEG_aldehyde_dehydrogenase	31.702	470	305	9	22	488	8	464	2.36e-62	204
TARA_SAMEA2591116_MAG_00000008-scaffold_12_112	00186||PETase	44.186	43	24	0	361	403	27	69	9.11e-05	38.1
TARA_SAMEA2591116_MAG_00000008-scaffold_13_10	00032||PEG_dehydrogenase	39.437	71	42	1	3	73	20	89	1.75e-15	62.8
TARA_SAMEA2591116_MAG_00000008-scaffold_13_11	00032||PEG_dehydrogenase	33.333	450	280	7	1	441	111	549	5.57e-74	236
TARA_SAMEA2591116_MAG_00000008-scaffold_13_12	00035||PEG_aldehyde_dehydrogenase	40.619	485	256	13	10	486	6	466	5.26e-93	284
TARA_SAMEA2591116_MAG_00000008-scaffold_13_15	00071||3HV_dehydrogenase	26.866	268	162	8	5	253	6	258	4.15e-18	75.1
TARA_SAMEA2591116_MAG_00000008-scaffold_13_18	00071||3HV_dehydrogenase	23.684	228	156	5	14	235	8	223	1.41e-07	44.7
TARA_SAMEA2591116_MAG_00000008-scaffold_13_24	00071||3HV_dehydrogenase	30.233	258	159	6	4	247	6	256	4.91e-27	99.4
TARA_SAMEA2591116_MAG_00000008-scaffold_13_35	00071||3HV_dehydrogenase	28.235	255	174	4	5	254	6	256	6.93e-20	80.1
TARA_SAMEA2591116_MAG_00000008-scaffold_13_42	00071||3HV_dehydrogenase	28.195	266	160	7	6	252	6	259	3.13e-23	89.4
TARA_SAMEA2591116_MAG_00000008-scaffold_13_47	00071||3HV_dehydrogenase	24.809	262	166	7	6	248	9	258	2.11e-11	55.8
TARA_SAMEA2591116_MAG_00000008-scaffold_13_56	00071||3HV_dehydrogenase	32.432	259	154	7	5	249	6	257	1.78e-42	139
TARA_SAMEA2591116_MAG_00000008-scaffold_13_58	00071||3HV_dehydrogenase	28.495	186	132	1	3	187	9	194	1.07e-19	79.7
TARA_SAMEA2591116_MAG_00000008-scaffold_13_64	00071||3HV_dehydrogenase	28.302	265	164	9	5	253	6	260	7.71e-16	68.6
TARA_SAMEA2591116_MAG_00000008-scaffold_13_71	00071||3HV_dehydrogenase	29.798	198	136	1	1	195	2	199	3.61e-17	71.6
TARA_SAMEA2591116_MAG_00000008-scaffold_13_76	00071||3HV_dehydrogenase	33.333	264	148	9	2	248	4	256	1.55e-25	95.5
TARA_SAMEA2591116_MAG_00000008-scaffold_14_8	00182||Lipase	28.696	115	64	2	48	162	64	160	1.32e-05	38.5
TARA_SAMEA2591116_MAG_00000008-scaffold_14_8	00108||Serine_hydrolase	21.605	162	105	3	103	258	88	233	6.02e-05	36.6
TARA_SAMEA2591116_MAG_00000008-scaffold_14_55	00035||PEG_aldehyde_dehydrogenase	35.546	467	290	8	1	466	1	457	1.69e-78	246
TARA_SAMEA2591116_MAG_00000008-scaffold_14_56	00032||PEG_dehydrogenase	39.703	539	301	11	2	530	21	545	8.98e-117	351
TARA_SAMEA2591116_MAG_00000008-scaffold_14_64	00071||3HV_dehydrogenase	29.146	199	133	5	4	198	6	200	2.60e-21	83.6
TARA_SAMEA2591116_MAG_00000008-scaffold_14_69	00151||Hydrolase	27.426	237	138	11	6	221	42	265	4.30e-06	40.0
TARA_SAMEA2591116_MAG_00000008-scaffold_14_109	00071||3HV_dehydrogenase	32.804	189	116	4	6	189	12	194	1.67e-20	81.6
TARA_SAMEA2591116_MAG_00000008-scaffold_15_38	00071||3HV_dehydrogenase	31.128	257	146	6	10	243	9	257	1.00e-24	94.0
TARA_SAMEA2591116_MAG_00000008-scaffold_15_39	00155||Esterase	27.797	295	199	6	26	312	24	312	1.82e-25	97.4
TARA_SAMEA2591116_MAG_00000008-scaffold_15_39	00072||PHB_depolymerase	25.333	300	194	8	42	315	9	304	2.69e-24	94.0
TARA_SAMEA2591116_MAG_00000008-scaffold_15_39	00177||PHA_depolymerase	27.599	279	181	8	42	313	2	266	1.06e-18	78.2
TARA_SAMEA2591116_MAG_00000008-scaffold_15_39	00212||PHA_depolymerase	25.912	274	182	7	46	313	8	266	1.29e-18	77.8
TARA_SAMEA2591116_MAG_00000008-scaffold_15_39	00151||Hydrolase	24.818	274	195	6	45	312	19	287	3.75e-13	62.0
TARA_SAMEA2591116_MAG_00000008-scaffold_15_39	00150||Hydrolase	26.820	261	148	7	68	295	25	275	7.33e-13	61.2
TARA_SAMEA2591116_MAG_00000008-scaffold_15_39	00167||PHA_depolymerase	30.328	122	83	2	46	165	11	132	3.73e-08	47.0
TARA_SAMEA2591116_MAG_00000008-scaffold_15_39	00070||3HB_oligomer_hydrolase	26.354	277	173	8	52	313	11	271	2.92e-07	43.9
TARA_SAMEA2591116_MAG_00000008-scaffold_15_39	00192||PETase	33.333	51	33	1	255	304	110	160	2.96e-05	37.4
TARA_SAMEA2591116_MAG_00000008-scaffold_16_15	00010||PVA_dehydrogenase	23.481	362	203	13	46	380	144	458	3.95e-10	55.8
TARA_SAMEA2591116_MAG_00000008-scaffold_16_41	00071||3HV_dehydrogenase	30.000	140	87	7	7	142	13	145	6.39e-06	39.3
TARA_SAMEA2591116_MAG_00000008-scaffold_16_55	00071||3HV_dehydrogenase	31.606	193	126	3	31	221	4	192	1.10e-24	94.0
TARA_SAMEA2591116_MAG_00000008-scaffold_16_58	00064||MCL_PHA_depolymerase	32.099	81	51	2	51	130	92	169	7.51e-05	34.7
TARA_SAMEA2591116_MAG_00000008-scaffold_16_94	00071||3HV_dehydrogenase	27.879	165	107	3	6	165	9	166	2.12e-08	47.8
TARA_SAMEA2591116_MAG_00000008-scaffold_16_115	00035||PEG_aldehyde_dehydrogenase	32.128	470	303	10	22	488	8	464	9.26e-62	203
TARA_SAMEA2591116_MAG_00000008-scaffold_17_101	00071||3HV_dehydrogenase	26.267	217	138	7	1	212	1	200	5.58e-09	48.5
TARA_SAMEA2591116_MAG_00000008-scaffold_18_74	00071||3HV_dehydrogenase	32.046	259	159	4	8	254	6	259	1.62e-29	105
TARA_SAMEA2591116_MAG_00000008-scaffold_18_98	00180||Laccase	21.386	505	289	14	51	456	46	541	6.69e-26	103
TARA_SAMEA2591116_MAG_00000008-scaffold_18_98	00174||Laccase	26.619	417	221	15	84	440	30	421	2.58e-24	97.8
TARA_SAMEA2591116_MAG_00000008-scaffold_19_14	00071||3HV_dehydrogenase	23.729	177	127	2	9	180	12	185	6.51e-11	54.7
TARA_SAMEA2591116_MAG_00000008-scaffold_19_48	00032||PEG_dehydrogenase	39.444	540	306	11	1	532	19	545	2.61e-110	334
TARA_SAMEA2591116_MAG_00000008-scaffold_19_49	00035||PEG_aldehyde_dehydrogenase	34.255	470	286	8	5	466	3	457	1.25e-74	236
TARA_SAMEA2591116_MAG_00000008-scaffold_20_48	00071||3HV_dehydrogenase	30.435	253	156	4	3	240	9	256	1.40e-33	115
TARA_SAMEA2591116_MAG_00000008-scaffold_22_51	00182||Lipase	41.026	39	23	0	255	293	211	249	1.91e-05	38.5
TARA_SAMEA2591116_MAG_00000008-scaffold_22_51	00072||PHB_depolymerase	20.199	302	203	10	8	294	7	285	3.02e-05	38.1
TARA_SAMEA2591116_MAG_00000008-scaffold_22_51	00177||PHA_depolymerase	33.333	78	47	3	56	132	51	124	5.55e-05	37.0
TARA_SAMEA2591116_MAG_00000008-scaffold_22_51	00150||Hydrolase	27.820	133	65	5	24	130	13	140	5.63e-05	37.4
TARA_SAMEA2591116_MAG_00000008-scaffold_23_43	00035||PEG_aldehyde_dehydrogenase	30.063	479	300	7	16	479	8	466	1.82e-63	207
TARA_SAMEA2591116_MAG_00000008-scaffold_24_40	00072||PHB_depolymerase	27.119	118	79	2	13	128	19	131	3.78e-10	52.8
TARA_SAMEA2591116_MAG_00000008-scaffold_24_40	00155||Esterase	27.184	103	71	1	28	130	71	169	8.57e-09	48.9
TARA_SAMEA2591116_MAG_00000008-scaffold_24_40	00151||Hydrolase	31.193	109	69	2	10	116	22	126	1.60e-08	47.8
TARA_SAMEA2591116_MAG_00000008-scaffold_24_40	00070||3HB_oligomer_hydrolase	29.752	121	80	2	13	133	10	125	9.67e-08	45.4
TARA_SAMEA2591116_MAG_00000008-scaffold_24_40	00177||PHA_depolymerase	21.311	183	132	4	5	180	7	184	1.73e-05	38.5
TARA_SAMEA2591116_MAG_00000008-scaffold_25_30	00209||Oxidoreductase	25.974	462	309	9	14	461	4	446	2.51e-36	132
TARA_SAMEA2591116_MAG_00000008-scaffold_25_36	00035||PEG_aldehyde_dehydrogenase	37.100	469	275	11	5	465	2	458	1.18e-75	239
TARA_SAMEA2591116_MAG_00000008-scaffold_26_6	00071||3HV_dehydrogenase	28.352	261	153	12	8	245	9	258	3.55e-12	57.8
TARA_SAMEA2591116_MAG_00000008-scaffold_27_56	00093||PVA_dehydrogenase	28.283	99	70	1	5	102	163	261	3.37e-09	46.6
TARA_SAMEA2591116_MAG_00000008-scaffold_27_57	00093||PVA_dehydrogenase	68.662	284	86	2	1	282	1	283	2.96e-127	357
TARA_SAMEA2591116_MAG_00000008-scaffold_28_18	00035||PEG_aldehyde_dehydrogenase	33.194	479	285	12	7	468	4	464	4.79e-67	216
TARA_SAMEA2591116_MAG_00000008-scaffold_28_19	00010||PVA_dehydrogenase	24.936	389	233	14	25	384	124	482	8.56e-17	77.4
TARA_SAMEA2591116_MAG_00000008-scaffold_28_19	00010||PVA_dehydrogenase	28.986	69	48	1	108	175	508	576	3.07e-05	40.0
TARA_SAMEA2591116_MAG_00000008-scaffold_28_25	00010||PVA_dehydrogenase	23.232	297	191	10	38	324	140	409	1.64e-13	66.6
TARA_SAMEA2591116_MAG_00000008-scaffold_29_19	00071||3HV_dehydrogenase	30.469	256	162	7	38	282	6	256	5.38e-28	102
TARA_SAMEA2591116_MAG_00000008-scaffold_30_3	00071||3HV_dehydrogenase	35.156	256	150	4	3	247	6	256	4.13e-39	130
TARA_SAMEA2591116_MAG_00000008-scaffold_31_19	00071||3HV_dehydrogenase	28.169	213	131	7	3	209	6	202	4.01e-13	60.8
TARA_SAMEA2591116_MAG_00000008-scaffold_31_31	00188||PETase	29.771	131	82	3	14	134	12	142	3.39e-12	58.2
TARA_SAMEA2591116_MAG_00000008-scaffold_31_31	00187||PETase	31.579	133	77	4	18	140	5	133	2.04e-07	43.9
TARA_SAMEA2591116_MAG_00000008-scaffold_31_31	00189||PETase	28.235	85	60	1	29	112	39	123	1.12e-05	38.5
TARA_SAMEA2591116_MAG_00000008-scaffold_31_31	00186||PETase	27.586	87	62	1	27	112	109	195	1.82e-05	38.5
TARA_SAMEA2591116_MAG_00000008-scaffold_32_10	00071||3HV_dehydrogenase	32.819	259	150	6	7	249	6	256	2.23e-29	105
TARA_SAMEA2591116_MAG_00000008-scaffold_32_30	00035||PEG_aldehyde_dehydrogenase	37.939	456	274	6	19	472	7	455	6.88e-91	279
TARA_SAMEA2591116_MAG_00000008-scaffold_32_46	00071||3HV_dehydrogenase	38.621	145	83	3	17	159	6	146	2.19e-23	89.4
TARA_SAMEA2591116_MAG_00000008-scaffold_33_7	00071||3HV_dehydrogenase	33.852	257	148	5	3	243	6	256	4.54e-36	122
TARA_SAMEA2591116_MAG_00000008-scaffold_36_18	00072||PHB_depolymerase	25.688	109	69	4	32	137	36	135	1.48e-05	38.5
TARA_SAMEA2591116_MAG_00000008-scaffold_38_11	00071||3HV_dehydrogenase	53.876	258	110	4	3	255	6	259	3.22e-92	266
TARA_SAMEA2591116_MAG_00000008-scaffold_38_27	00084||MHETase	29.795	537	301	20	79	567	91	599	5.22e-53	184
TARA_SAMEA2591116_MAG_00000008-scaffold_41_8	00071||3HV_dehydrogenase	26.693	251	182	2	5	253	6	256	5.37e-22	85.5
TARA_SAMEA2591116_MAG_00000008-scaffold_41_12	00071||3HV_dehydrogenase	29.688	256	165	6	1	241	1	256	2.37e-23	89.0
TARA_SAMEA2591116_MAG_00000008-scaffold_41_18	00071||3HV_dehydrogenase	28.405	257	166	7	3	247	6	256	4.03e-21	83.2
TARA_SAMEA2591116_MAG_00000008-scaffold_43_19	00087||Polyesterase	67.778	180	58	0	22	201	2	181	2.62e-87	249
TARA_SAMEA2591116_MAG_00000008-scaffold_44_12	00071||3HV_dehydrogenase	31.660	259	162	7	5	256	6	256	5.49e-28	101
TARA_SAMEA2591116_MAG_00000008-scaffold_44_23	00177||PHA_depolymerase	23.651	241	177	2	24	261	31	267	1.73e-12	59.3
TARA_SAMEA2591116_MAG_00000008-scaffold_44_23	00072||PHB_depolymerase	21.918	292	197	9	1	261	12	303	2.19e-12	58.9
TARA_SAMEA2591116_MAG_00000008-scaffold_44_23	00212||PHA_depolymerase	24.167	240	175	3	24	260	31	266	2.81e-12	58.5
TARA_SAMEA2591116_MAG_00000008-scaffold_44_23	00150||Hydrolase	23.166	259	165	7	10	236	12	268	7.07e-11	54.7
TARA_SAMEA2591116_MAG_00000008-scaffold_44_23	00070||3HB_oligomer_hydrolase	38.596	114	62	4	11	121	14	122	1.36e-10	53.5
TARA_SAMEA2591116_MAG_00000008-scaffold_44_23	00167||PHA_depolymerase	27.108	166	117	2	13	176	24	187	3.91e-09	49.3
TARA_SAMEA2591116_MAG_00000008-scaffold_51_16	00185||PETase	35.156	128	61	7	394	502	86	210	2.90e-07	45.4
TARA_SAMEA2591116_MAG_00000008-scaffold_51_16	00013||PU_esterase_	29.299	157	96	6	353	502	89	237	1.57e-06	43.9
TARA_SAMEA2591116_MAG_00000008-scaffold_51_16	00134||nitrobenzylesterase	26.906	223	129	11	389	583	76	292	3.17e-06	42.7
TARA_SAMEA2591116_MAG_00000008-scaffold_53_5	00071||3HV_dehydrogenase	31.658	199	121	4	40	233	6	194	1.22e-21	86.3
TARA_SAMEA2591116_MAG_00000008-scaffold_53_7	00071||3HV_dehydrogenase	28.485	165	106	3	6	165	9	166	2.57e-08	47.4
TARA_SAMEA2591116_MAG_00000008-scaffold_53_13	00180||Laccase	41.391	575	269	10	41	611	30	540	2.90e-150	438
TARA_SAMEA2591116_MAG_00000008-scaffold_53_13	00174||Laccase	29.655	290	182	10	83	363	23	299	1.50e-24	99.8
TARA_SAMEA2591116_MAG_00000008-scaffold_53_13	00174||Laccase	35.052	97	59	1	500	596	329	421	1.39e-14	68.9
TARA_SAMEA2591116_MAG_00000008-scaffold_54_13	00026||PHB_depolymerase	40.000	55	32	1	3	56	129	183	4.34e-05	36.2
TARA_SAMEA2591116_MAG_00000008-scaffold_61_7	00071||3HV_dehydrogenase	29.744	195	132	3	43	237	9	198	5.17e-19	77.0
